<?xml version="1.0" encoding="UTF-8"?>
<testng-results ignored="0" total="1" passed="0" failed="1" skipped="0">
  <reporter-output>
  </reporter-output>
  <suite started-at="2023-06-08T13:17:16 WAT" name="Default suite" finished-at="2023-06-08T13:17:50 WAT" duration-ms="34738">
    <groups>
    </groups>
    <test started-at="2023-06-08T13:17:16 WAT" name="Default test" finished-at="2023-06-08T13:17:50 WAT" duration-ms="34738">
      <class name="testcases.OrderTest">
        <test-method is-config="true" signature="setup()[pri:0, instance:testcases.OrderTest@593aaf41]" started-at="2023-06-08T13:17:16 WAT" name="setup" finished-at="2023-06-08T13:17:34 WAT" duration-ms="18209" status="PASS">
          <reporter-output>
          </reporter-output>
        </test-method> <!-- setup -->
        <test-method signature="placeOrder()[pri:0, instance:testcases.OrderTest@593aaf41]" started-at="2023-06-08T13:17:34 WAT" name="placeOrder" finished-at="2023-06-08T13:17:50 WAT" duration-ms="15972" status="FAIL">
          <exception class="org.openqa.selenium.ElementClickInterceptedException">
            <message>
              <![CDATA[element click intercepted: Element <h2 class="woocommerce-loop-product__title">...</h2> is not clickable at point (543, 756). Other element would receive the click: <ul class="products columns-2">...</ul>
  (Session info: chrome=114.0.5735.106)
Build info: version: '4.9.1', revision: 'eb2032df7f'
System info: os.name: 'Mac OS X', os.arch: 'x86_64', os.version: '12.5.1', java.version: '17.0.6'
Driver info: org.openqa.selenium.chrome.ChromeDriver
Command: [8fcaf00b7ada5a1f237c58aa79bed77e, clickElement {id=6D15EAFFCBBF0BF39685B0D5F0AE205F_element_127}]
Capabilities {acceptInsecureCerts: false, browserName: chrome, browserVersion: 114.0.5735.106, chrome: {chromedriverVersion: 114.0.5735.90 (386bc09e8f4f..., userDataDir: /var/folders/f4/hzgw6y9d52g...}, goog:chromeOptions: {debuggerAddress: localhost:50252}, networkConnectionEnabled: false, pageLoadStrategy: normal, platformName: mac, proxy: Proxy(), se:cdp: ws://localhost:50252/devtoo..., se:cdpVersion: 114.0.5735.106, setWindowRect: true, strictFileInteractability: false, timeouts: {implicit: 0, pageLoad: 300000, script: 30000}, unhandledPromptBehavior: dismiss and notify, webauthn:extension:credBlob: true, webauthn:extension:largeBlob: true, webauthn:extension:minPinLength: true, webauthn:extension:prf: true, webauthn:virtualAuthenticators: true}
Element: [[ChromeDriver: chrome on mac (8fcaf00b7ada5a1f237c58aa79bed77e)] -> xpath: //h2[contains(text(),'Bowie Tee')]]
Session ID: 8fcaf00b7ada5a1f237c58aa79bed77e]]>
            </message>
            <full-stacktrace>
              <![CDATA[org.openqa.selenium.ElementClickInterceptedException: element click intercepted: Element <h2 class="woocommerce-loop-product__title">...</h2> is not clickable at point (543, 756). Other element would receive the click: <ul class="products columns-2">...</ul>
  (Session info: chrome=114.0.5735.106)
Build info: version: '4.9.1', revision: 'eb2032df7f'
System info: os.name: 'Mac OS X', os.arch: 'x86_64', os.version: '12.5.1', java.version: '17.0.6'
Driver info: org.openqa.selenium.chrome.ChromeDriver
Command: [8fcaf00b7ada5a1f237c58aa79bed77e, clickElement {id=6D15EAFFCBBF0BF39685B0D5F0AE205F_element_127}]
Capabilities {acceptInsecureCerts: false, browserName: chrome, browserVersion: 114.0.5735.106, chrome: {chromedriverVersion: 114.0.5735.90 (386bc09e8f4f..., userDataDir: /var/folders/f4/hzgw6y9d52g...}, goog:chromeOptions: {debuggerAddress: localhost:50252}, networkConnectionEnabled: false, pageLoadStrategy: normal, platformName: mac, proxy: Proxy(), se:cdp: ws://localhost:50252/devtoo..., se:cdpVersion: 114.0.5735.106, setWindowRect: true, strictFileInteractability: false, timeouts: {implicit: 0, pageLoad: 300000, script: 30000}, unhandledPromptBehavior: dismiss and notify, webauthn:extension:credBlob: true, webauthn:extension:largeBlob: true, webauthn:extension:minPinLength: true, webauthn:extension:prf: true, webauthn:virtualAuthenticators: true}
Element: [[ChromeDriver: chrome on mac (8fcaf00b7ada5a1f237c58aa79bed77e)] -> xpath: //h2[contains(text(),'Bowie Tee')]]
Session ID: 8fcaf00b7ada5a1f237c58aa79bed77e
at java.base/jdk.internal.reflect.NativeConstructorAccessorImpl.newInstance0(Native Method)
at java.base/jdk.internal.reflect.NativeConstructorAccessorImpl.newInstance(NativeConstructorAccessorImpl.java:77)
at java.base/jdk.internal.reflect.DelegatingConstructorAccessorImpl.newInstance(DelegatingConstructorAccessorImpl.java:45)
at java.base/java.lang.reflect.Constructor.newInstanceWithCaller(Constructor.java:499)
at java.base/java.lang.reflect.Constructor.newInstance(Constructor.java:480)
at org.openqa.selenium.remote.codec.w3c.W3CHttpResponseCodec.createException(W3CHttpResponseCodec.java:200)
at org.openqa.selenium.remote.codec.w3c.W3CHttpResponseCodec.decode(W3CHttpResponseCodec.java:133)
at org.openqa.selenium.remote.codec.w3c.W3CHttpResponseCodec.decode(W3CHttpResponseCodec.java:53)
at org.openqa.selenium.remote.HttpCommandExecutor.execute(HttpCommandExecutor.java:193)
at org.openqa.selenium.remote.service.DriverCommandExecutor.invokeExecute(DriverCommandExecutor.java:183)
at org.openqa.selenium.remote.service.DriverCommandExecutor.execute(DriverCommandExecutor.java:158)
at org.openqa.selenium.remote.RemoteWebDriver.execute(RemoteWebDriver.java:543)
at org.openqa.selenium.remote.RemoteWebElement.execute(RemoteWebElement.java:257)
at org.openqa.selenium.remote.RemoteWebElement.click(RemoteWebElement.java:78)
at pages.OrderPage.clickProductBtn(OrderPage.java:50)
at testcases.OrderTest.placeOrder(OrderTest.java:28)
at java.base/jdk.internal.reflect.NativeMethodAccessorImpl.invoke0(Native Method)
at java.base/jdk.internal.reflect.NativeMethodAccessorImpl.invoke(NativeMethodAccessorImpl.java:77)
at java.base/jdk.internal.reflect.DelegatingMethodAccessorImpl.invoke(DelegatingMethodAccessorImpl.java:43)
at java.base/java.lang.reflect.Method.invoke(Method.java:568)
at org.testng.internal.MethodInvocationHelper.invokeMethod(MethodInvocationHelper.java:133)
at org.testng.internal.TestInvoker.invokeMethod(TestInvoker.java:598)
at org.testng.internal.TestInvoker.invokeTestMethod(TestInvoker.java:173)
at org.testng.internal.MethodRunner.runInSequence(MethodRunner.java:46)
at org.testng.internal.TestInvoker$MethodInvocationAgent.invoke(TestInvoker.java:824)
at org.testng.internal.TestInvoker.invokeTestMethods(TestInvoker.java:146)
at org.testng.internal.TestMethodWorker.invokeTestMethods(TestMethodWorker.java:146)
at org.testng.internal.TestMethodWorker.run(TestMethodWorker.java:128)
at java.base/java.util.ArrayList.forEach(ArrayList.java:1511)
at org.testng.TestRunner.privateRun(TestRunner.java:794)
at org.testng.TestRunner.run(TestRunner.java:596)
at org.testng.SuiteRunner.runTest(SuiteRunner.java:377)
at org.testng.SuiteRunner.runSequentially(SuiteRunner.java:371)
at org.testng.SuiteRunner.privateRun(SuiteRunner.java:332)
at org.testng.SuiteRunner.run(SuiteRunner.java:276)
at org.testng.SuiteRunnerWorker.runSuite(SuiteRunnerWorker.java:53)
at org.testng.SuiteRunnerWorker.run(SuiteRunnerWorker.java:96)
at org.testng.TestNG.runSuitesSequentially(TestNG.java:1212)
at org.testng.TestNG.runSuitesLocally(TestNG.java:1134)
at org.testng.TestNG.runSuites(TestNG.java:1063)
at org.testng.TestNG.run(TestNG.java:1031)
at org.testng.remote.AbstractRemoteTestNG.run(AbstractRemoteTestNG.java:115)
at org.testng.remote.RemoteTestNG.initAndRun(RemoteTestNG.java:251)
at org.testng.remote.RemoteTestNG.main(RemoteTestNG.java:77)
]]>
            </full-stacktrace>
          </exception> <!-- org.openqa.selenium.ElementClickInterceptedException -->
          <reporter-output>
          </reporter-output>
        </test-method> <!-- placeOrder -->
        <test-method is-config="true" signature="tearDown()[pri:0, instance:testcases.OrderTest@593aaf41]" started-at="2023-06-08T13:17:50 WAT" name="tearDown" finished-at="2023-06-08T13:17:50 WAT" duration-ms="498" status="PASS">
          <reporter-output>
          </reporter-output>
        </test-method> <!-- tearDown -->
      </class> <!-- testcases.OrderTest -->
    </test> <!-- Default test -->
  </suite> <!-- Default suite -->
</testng-results>
