<?xml version="1.0" encoding="UTF-8"?>
<testng-results ignored="0" total="1" passed="1" failed="0" skipped="0">
  <reporter-output>
  </reporter-output>
  <suite started-at="2023-06-09T13:13:56 WAT" name="Default suite" finished-at="2023-06-09T13:14:52 WAT" duration-ms="56521">
    <groups>
    </groups>
    <test started-at="2023-06-09T13:13:56 WAT" name="Default test" finished-at="2023-06-09T13:14:52 WAT" duration-ms="56521">
      <class name="testcases.OrderTest">
        <test-method is-config="true" signature="setup()[pri:0, instance:testcases.OrderTest@593aaf41]" started-at="2023-06-09T13:13:56 WAT" name="setup" finished-at="2023-06-09T13:14:10 WAT" duration-ms="13924" status="PASS">
          <reporter-output>
          </reporter-output>
        </test-method> <!-- setup -->
        <test-method signature="placeOrder()[pri:0, instance:testcases.OrderTest@593aaf41]" started-at="2023-06-09T13:14:10 WAT" name="placeOrder" finished-at="2023-06-09T13:14:52 WAT" duration-ms="42273" status="PASS">
          <reporter-output>
          </reporter-output>
        </test-method> <!-- placeOrder -->
        <test-method is-config="true" signature="tearDown()[pri:0, instance:testcases.OrderTest@593aaf41]" started-at="2023-06-09T13:14:52 WAT" name="tearDown" finished-at="2023-06-09T13:14:52 WAT" duration-ms="267" status="PASS">
          <reporter-output>
          </reporter-output>
        </test-method> <!-- tearDown -->
      </class> <!-- testcases.OrderTest -->
    </test> <!-- Default test -->
  </suite> <!-- Default suite -->
</testng-results>
